<?xml version="1.0" encoding="UTF-8"?>
<!-- Generated by org.testng.reporters.JUnitXMLReporter -->
<testsuite ignored="0" hostname="DESKTOP-LDTSUOS" failures="0" tests="4" name="Surefire test" time="3.156" errors="0" timestamp="2024-12-31T23:09:07 IST">
  <testcase classname="com.apiTest.LoginApiTest" name="Login" time="2.334"/>
  <testcase classname="com.apiTest.UserApiTest" name="TC_CreateUser" time="0.337"/>
  <testcase classname="com.apiTest.UserApiTest" name="TC_GetUser" time="0.12"/>
  <testcase classname="com.apiTest.UserApiTest" name="TC_UpdateUser" time="0.334"/>
</testsuite> <!-- Surefire test -->
