<?xml version="1.0" encoding="UTF-8"?>
<testng-results ignored="0" total="4" passed="4" failed="0" skipped="0">
  <reporter-output>
  </reporter-output>
  <suite started-at="2024-12-31T23:09:04 IST" name="Surefire suite" finished-at="2024-12-31T23:09:07 IST" duration-ms="3156">
    <groups>
    </groups>
    <test started-at="2024-12-31T23:09:04 IST" name="Surefire test" finished-at="2024-12-31T23:09:07 IST" duration-ms="3156">
      <class name="com.apiTest.LoginApiTest">
        <test-method signature="Login()[pri:0, instance:com.apiTest.LoginApiTest@120f102b]" started-at="2024-12-31T23:09:04 IST" name="Login" finished-at="2024-12-31T23:09:06 IST" duration-ms="2334" status="PASS">
          <reporter-output>
          </reporter-output>
        </test-method> <!-- Login -->
      </class> <!-- com.apiTest.LoginApiTest -->
      <class name="com.apiTest.UserApiTest">
        <test-method signature="TC_CreateUser()[pri:0, instance:com.apiTest.UserApiTest@1cbb87f3]" started-at="2024-12-31T23:09:06 IST" name="TC_CreateUser" finished-at="2024-12-31T23:09:07 IST" duration-ms="337" status="PASS">
          <reporter-output>
          </reporter-output>
        </test-method> <!-- TC_CreateUser -->
        <test-method signature="TC_GetUser()[pri:0, instance:com.apiTest.UserApiTest@1cbb87f3]" started-at="2024-12-31T23:09:07 IST" name="TC_GetUser" finished-at="2024-12-31T23:09:07 IST" duration-ms="120" status="PASS">
          <reporter-output>
          </reporter-output>
        </test-method> <!-- TC_GetUser -->
        <test-method signature="TC_UpdateUser()[pri:0, instance:com.apiTest.UserApiTest@1cbb87f3]" started-at="2024-12-31T23:09:07 IST" name="TC_UpdateUser" finished-at="2024-12-31T23:09:07 IST" duration-ms="334" status="PASS">
          <reporter-output>
          </reporter-output>
        </test-method> <!-- TC_UpdateUser -->
      </class> <!-- com.apiTest.UserApiTest -->
    </test> <!-- Surefire test -->
  </suite> <!-- Surefire suite -->
</testng-results>
