<?xml version="1.0" encoding="UTF-8"?>
<testsuite xmlns:xsi="http://www.w3.org/2001/XMLSchema-instance" xsi:noNamespaceSchemaLocation="https://maven.apache.org/surefire/maven-surefire-plugin/xsd/surefire-test-report-3.0.xsd" version="3.0" name="TestSuite" time="3.826" tests="4" errors="0" skipped="0" failures="0">
  <properties>
[...]
</properties>
  <testcase name="Login" classname="com.apiTest.LoginApiTest" time="2.335">
    <system-out><![CDATA[{
    "id": 4,
    "token": "QpwL5tke4Pnpja7X4"
}
{
    "token": "QpwL5tke4Pnpja7X4"
}
QpwL5tke4Pnpja7X4
]]></system-out>
    <system-err><![CDATA[SLF4J: Failed to load class "org.slf4j.impl.StaticLoggerBinder".
SLF4J: Defaulting to no-operation (NOP) logger implementation
SLF4J: See http://www.slf4j.org/codes.html#StaticLoggerBinder for further details.
]]></system-err>
  </testcase>
  <testcase name="TC_CreateUser" classname="com.apiTest.UserApiTest" time="0.339">
    <system-out><![CDATA[{
    "name": "Shivaji@reqres.in",
    "job": "Shivajic",
    "id": "77",
    "createdAt": "2024-12-31T17:39:07.220Z"
}
2024-12-31T17:39:07.220Z
Shivajic
]]></system-out>
  </testcase>
  <testcase name="TC_GetUser" classname="com.apiTest.UserApiTest" time="0.12">
    <system-out><![CDATA[PAGE 2
0 michael.lawson@reqres.in
1 lindsay.ferguson@reqres.in
2 tobias.funke@reqres.in
3 byron.fields@reqres.in
4 george.edwards@reqres.in
5 rachel.howell@reqres.in
{
    "page": 2,
    "per_page": 6,
    "total": 12,
    "total_pages": 2,
    "data": [
        {
            "id": 7,
            "email": "michael.lawson@reqres.in",
            "first_name": "Michael",
            "last_name": "Lawson",
            "avatar": "https://reqres.in/img/faces/7-image.jpg"
        },
        {
            "id": 8,
            "email": "lindsay.ferguson@reqres.in",
            "first_name": "Lindsay",
            "last_name": "Ferguson",
            "avatar": "https://reqres.in/img/faces/8-image.jpg"
        },
        {
            "id": 9,
            "email": "tobias.funke@reqres.in",
            "first_name": "Tobias",
            "last_name": "Funke",
            "avatar": "https://reqres.in/img/faces/9-image.jpg"
        },
        {
            "id": 10,
            "email": "byron.fields@reqres.in",
            "first_name": "Byron",
            "last_name": "Fields",
            "avatar": "https://reqres.in/img/faces/10-image.jpg"
        },
        {
            "id": 11,
            "email": "george.edwards@reqres.in",
            "first_name": "George",
            "last_name": "Edwards",
            "avatar": "https://reqres.in/img/faces/11-image.jpg"
        },
        {
            "id": 12,
            "email": "rachel.howell@reqres.in",
            "first_name": "Rachel",
            "last_name": "Howell",
            "avatar": "https://reqres.in/img/faces/12-image.jpg"
        }
    ],
    "support": {
        "url": "https://contentcaddy.io?utm_source=reqres&utm_medium=json&utm_campaign=referral",
        "text": "Tired of writing endless social media content? Let Content Caddy generate it for you."
    }
}
]]></system-out>
  </testcase>
  <testcase name="TC_UpdateUser" classname="com.apiTest.UserApiTest" time="0.334">
    <system-out><![CDATA[{
    "job": "Nursery",
    "name": "Advik@reqres.in",
    "updatedAt": "2024-12-31T17:39:07.689Z"
}
2024-12-31T17:39:07.689Z
Nursery
]]></system-out>
  </testcase>
</testsuite>